<?xml version="1.0" encoding="UTF-8"?>
<testng-results skipped="0" failed="0" total="1" passed="1">
  <reporter-output>
  </reporter-output>
  <suite name="Default suite" duration-ms="79" started-at="2021-12-13T07:50:55Z" finished-at="2021-12-13T07:50:56Z">
    <groups>
    </groups>
    <test name="Default test" duration-ms="79" started-at="2021-12-13T07:50:55Z" finished-at="2021-12-13T07:50:56Z">
      <class name="GitmainTest.GitTest1">
        <test-method status="PASS" signature="gitTestp()[pri:0, instance:GitmainTest.GitTest1@47d384ee]" name="gitTestp" duration-ms="42" started-at="2021-12-13T13:20:55Z" finished-at="2021-12-13T13:20:56Z">
          <reporter-output>
          </reporter-output>
        </test-method> <!-- gitTestp -->
      </class> <!-- GitmainTest.GitTest1 -->
    </test> <!-- Default test -->
  </suite> <!-- Default suite -->
</testng-results>
